#
# A fatal error has been detected by the Java Runtime Environment:
#
#  SIGBUS (0xa) at pc=0x000000010fd57eb9, pid=5097, tid=5127
#
# JRE version: Java(TM) SE Runtime Environment (8.0_66-b17) (build 1.8.0_66-b17)
# Java VM: Java HotSpot(TM) 64-Bit Server VM (25.66-b17 mixed mode bsd-amd64 compressed oops)
# Problematic frame:
# C  [libzip.dylib+0x2eb9]  newEntry+0x154
#
# Failed to write core dump. Core dumps have been disabled. To enable core dumping, try "ulimit -c unlimited" before starting Java again
#
# If you would like to submit a bug report, please visit:
#   http://bugreport.java.com/bugreport/crash.jsp
# The crash happened outside the Java Virtual Machine in native code.
# See problematic frame for where to report the bug.
#

---------------  T H R E A D  ---------------

Current thread (0x00007fb731801000):  JavaThread "main" [_thread_in_native, id=5127, stack(0x0000700000084000,0x0000700000184000)]

siginfo: si_signo: 10 (SIGBUS), si_code: 2 (BUS_ADRERR), si_addr: 0x0000000124891214

Registers:
RAX=0x00007fb730d378d0, RBX=0x0000000124891208, RCX=0x0000000000000c00, RDX=0x0000000000000000
RSP=0x0000700000181400, RBP=0x0000700000181460, RSI=0x00007fb730c00000, RDI=0x000000010eaf2a00
R8 =0x0000000000000004, R9 =0x00000000fff00000, R10=0x000000010fd714a8, R11=0x00007000001814de
R12=0x00007fb73184f000, R13=0x0000000000000420, R14=0x0000000016161671, R15=0x00007fb730da1700
RIP=0x000000010fd57eb9, EFLAGS=0x0000000000010202, ERR=0x0000000000000004
  TRAPNO=0x000000000000000e

Top of Stack: (sp=0x0000700000181400)
0x0000700000181400:   00007fb730c37040 00000000318011f8
0x0000700000181410:   0000700000181860 000000010fd5734f
0x0000700000181420:   0000700000181440 00007fb730d378d0
0x0000700000181430:   00007fb730cc1ef0 00007fb730d378d0
0x0000700000181440:   00007fb73184f000 0000000000000420
0x0000700000181450:   0000000016161671 00007fb730da1700
0x0000700000181460:   00007000001814c0 000000010fd58554
0x0000700000181470:   00007000001814fa 00007000001814f9
0x0000700000181480:   0000001a00000000 0000001b01801000
0x0000700000181490:   00007000001814de 00007000001819a8
0x00007000001814a0:   000000000000001b 00007000001814de
0x00007000001814b0:   00007fb730d378d0 00007fb7318011f8
0x00007000001814c0:   0000700000181910 000000010fd5734f
0x00007000001814d0:   0000700000181520 726f000100000001
0x00007000001814e0:   76636e65706f2f67 6f502f65726f632f
0x00007000001814f0:   73616c632e746e69 00007fb731800073
0x0000700000181500:   000000012168eaf8 000000000000001b
0x0000700000181510:   00007000001818d8 00007fb731801000
0x0000700000181520:   00007000001817c0 000000010fda41da
0x0000700000181530:   055c00004000037f 000000008f1bc7e1
0x0000700000181540:   0000000000180380 0000ffff218c6688
0x0000700000181550:   0000000000000000 000000000000ffff
0x0000700000181560:   0000000000000000 0000000000000000
0x0000700000181570:   0000000000000000 0000000000000000
0x0000700000181580:   00cf93000000ffff 000000000000ffff
0x0000700000181590:   ea600009d4951800 0000000000004008
0x00007000001815a0:   aa0c80069ad42800 000000000000400d
0x00007000001815b0:   a0000000218c6668 0000000000004001
0x00007000001815c0:   a000000000000000 0000000000004001
0x00007000001815d0:   0000000042a20000 0000000000000000
0x00007000001815e0:   407800003e0b4a45 0000000000000000
0x00007000001815f0:   4078000000000000 0000000000000000 

Instructions: (pc=0x000000010fd57eb9)
0x000000010fd57e99:   49 8b 7f 38 e8 50 1b 00 00 4d 89 77 38 49 89 5f
0x000000010fd57ea9:   40 4c 89 f0 48 85 c0 0f 84 11 05 00 00 48 89 c3
0x000000010fd57eb9:   0f b6 43 0c 0f b6 4b 0d 48 c1 e1 08 48 01 c1 0f
0x000000010fd57ec9:   b6 43 0e 0f b6 53 0f 48 c1 e2 08 48 01 c2 48 c1 

Register to memory mapping:

RAX=0x00007fb730d378d0 is an unknown value
RBX=0x0000000124891208 is an unknown value
RCX=0x0000000000000c00 is an unknown value
RDX=0x0000000000000000 is an unknown value
RSP=0x0000700000181400 is pointing into the stack for thread: 0x00007fb731801000
RBP=0x0000700000181460 is pointing into the stack for thread: 0x00007fb731801000
RSI=0x00007fb730c00000 is an unknown value
RDI=0x000000010eaf2a00 is an unknown value
R8 =0x0000000000000004 is an unknown value
R9 =0x00000000fff00000 is an unknown value
R10=0x000000010fd714a8 is at code_begin+808 in an Interpreter codelet
method entry point (kind = native)  [0x000000010fd71180, 0x000000010fd71a80]  2304 bytes
R11=0x00007000001814de is pointing into the stack for thread: 0x00007fb731801000
R12=0x00007fb73184f000 is an unknown value
R13=0x0000000000000420 is an unknown value
R14=0x0000000016161671 is an unknown value
R15=0x00007fb730da1700 is an unknown value


Stack: [0x0000700000084000,0x0000700000184000],  sp=0x0000700000181400,  free space=1013k
Native frames: (J=compiled Java code, j=interpreted, Vv=VM code, C=native code)
C  [libzip.dylib+0x2eb9]  newEntry+0x154
C  [libzip.dylib+0x3554]  ZIP_GetEntry2+0xd4
C  [libzip.dylib+0x234f]  Java_java_util_zip_ZipFile_getEntry+0xcf
j  java.util.zip.ZipFile.getEntry(J[BZ)J+0
j  java.util.zip.ZipFile.getEntry(Ljava/lang/String;)Ljava/util/zip/ZipEntry;+38
J 390 C1 sun.misc.URLClassPath$JarLoader.getResource(Ljava/lang/String;Z)Lsun/misc/Resource; (85 bytes) @ 0x000000010ffacb0c [0x000000010ffac720+0x3ec]
j  sun.misc.URLClassPath.getResource(Ljava/lang/String;Z)Lsun/misc/Resource;+62
j  java.net.URLClassLoader$1.run()Ljava/lang/Class;+26
j  java.net.URLClassLoader$1.run()Ljava/lang/Object;+1
v  ~StubRoutines::call_stub
V  [libjvm.dylib+0x2ea35e]
V  [libjvm.dylib+0x34a888]
j  java.security.AccessController.doPrivileged(Ljava/security/PrivilegedExceptionAction;Ljava/security/AccessControlContext;)Ljava/lang/Object;+0
j  java.net.URLClassLoader.findClass(Ljava/lang/String;)Ljava/lang/Class;+13
j  java.lang.ClassLoader.loadClass(Ljava/lang/String;Z)Ljava/lang/Class;+70
j  sun.misc.Launcher$AppClassLoader.loadClass(Ljava/lang/String;Z)Ljava/lang/Class;+81
j  java.lang.ClassLoader.loadClass(Ljava/lang/String;)Ljava/lang/Class;+3
v  ~StubRoutines::call_stub
V  [libjvm.dylib+0x2ea35e]
V  [libjvm.dylib+0x2eaaec]
V  [libjvm.dylib+0x2eac44]
V  [libjvm.dylib+0x532ef0]
V  [libjvm.dylib+0x532689]
V  [libjvm.dylib+0x53310c]
V  [libjvm.dylib+0x533789]
V  [libjvm.dylib+0x1e0ffa]
V  [libjvm.dylib+0x1f12be]
V  [libjvm.dylib+0x2e5ec0]
j  com.Scrambling.main([Ljava/lang/String;)V+1835
v  ~StubRoutines::call_stub
V  [libjvm.dylib+0x2ea35e]
V  [libjvm.dylib+0x3210d0]
V  [libjvm.dylib+0x319e4a]
C  [java+0x393e]  JavaMain+0x9b1
C  [libsystem_pthread.dylib+0x399d]  _pthread_body+0x83
C  [libsystem_pthread.dylib+0x391a]  _pthread_body+0x0
C  [libsystem_pthread.dylib+0x1351]  thread_start+0xd
C  0x0000000000000000

Java frames: (J=compiled Java code, j=interpreted, Vv=VM code)
j  java.util.zip.ZipFile.getEntry(J[BZ)J+0
j  java.util.zip.ZipFile.getEntry(Ljava/lang/String;)Ljava/util/zip/ZipEntry;+38
J 390 C1 sun.misc.URLClassPath$JarLoader.getResource(Ljava/lang/String;Z)Lsun/misc/Resource; (85 bytes) @ 0x000000010ffacb0c [0x000000010ffac720+0x3ec]
j  sun.misc.URLClassPath.getResource(Ljava/lang/String;Z)Lsun/misc/Resource;+62
j  java.net.URLClassLoader$1.run()Ljava/lang/Class;+26
j  java.net.URLClassLoader$1.run()Ljava/lang/Object;+1
v  ~StubRoutines::call_stub
j  java.security.AccessController.doPrivileged(Ljava/security/PrivilegedExceptionAction;Ljava/security/AccessControlContext;)Ljava/lang/Object;+0
j  java.net.URLClassLoader.findClass(Ljava/lang/String;)Ljava/lang/Class;+13
j  java.lang.ClassLoader.loadClass(Ljava/lang/String;Z)Ljava/lang/Class;+70
j  sun.misc.Launcher$AppClassLoader.loadClass(Ljava/lang/String;Z)Ljava/lang/Class;+81
j  java.lang.ClassLoader.loadClass(Ljava/lang/String;)Ljava/lang/Class;+3
v  ~StubRoutines::call_stub
j  com.Scrambling.main([Ljava/lang/String;)V+1835
v  ~StubRoutines::call_stub

---------------  P R O C E S S  ---------------

Java Threads: ( => current thread )
  0x00007fb73161e000 JavaThread "Java2D Disposer" daemon [_thread_blocked, id=41799, stack(0x0000700001050000,0x0000700001150000)]
  0x00007fb7312a8000 JavaThread "AWT-Shutdown" [_thread_blocked, id=26919, stack(0x0000700000eca000,0x0000700000fca000)]
  0x00007fb7312a7000 JavaThread "AWT-AppKit" daemon [_thread_in_native, id=8971, stack(0x00007fff5092c000,0x00007fff5112c000)]
  0x00007fb731061000 JavaThread "Service Thread" daemon [_thread_blocked, id=17667, stack(0x0000700000bbe000,0x0000700000cbe000)]
  0x00007fb731057800 JavaThread "C1 CompilerThread1" daemon [_thread_blocked, id=17155, stack(0x0000700000abb000,0x0000700000bbb000)]
  0x00007fb73184e800 JavaThread "C2 CompilerThread0" daemon [_thread_blocked, id=16643, stack(0x00007000009b8000,0x0000700000ab8000)]
  0x00007fb73184d800 JavaThread "Signal Dispatcher" daemon [_thread_blocked, id=16135, stack(0x00007000008b5000,0x00007000009b5000)]
  0x00007fb731836000 JavaThread "Finalizer" daemon [_thread_blocked, id=11267, stack(0x0000700000629000,0x0000700000729000)]
  0x00007fb73100f800 JavaThread "Reference Handler" daemon [_thread_blocked, id=10755, stack(0x0000700000526000,0x0000700000626000)]
=>0x00007fb731801000 JavaThread "main" [_thread_in_native, id=5127, stack(0x0000700000084000,0x0000700000184000)]

Other Threads:
  0x00007fb731835800 VMThread [stack: 0x0000700000423000,0x0000700000523000] [id=10243]
  0x00007fb73106a800 WatcherThread [stack: 0x0000700000cc1000,0x0000700000dc1000] [id=18179]

VM state:not at safepoint (normal execution)

VM Mutex/Monitor currently owned by a thread: None

Heap:
 PSYoungGen      total 18944K, used 15776K [0x00000007aab00000, 0x00000007ad000000, 0x00000007c0000000)
  eden space 16384K, 90% used [0x00000007aab00000,0x00000007ab96b5d0,0x00000007abb00000)
  from space 2560K, 39% used [0x00000007abb00000,0x00000007abbfca30,0x00000007abd80000)
  to   space 2560K, 0% used [0x00000007acd80000,0x00000007acd80000,0x00000007ad000000)
 ParOldGen       total 44032K, used 24K [0x0000000780000000, 0x0000000782b00000, 0x00000007aab00000)
  object space 44032K, 0% used [0x0000000780000000,0x0000000780006000,0x0000000782b00000)
 Metaspace       used 5973K, capacity 6158K, committed 6400K, reserved 1056768K
  class space    used 663K, capacity 733K, committed 768K, reserved 1048576K

Card table byte_map: [0x000000011f11e000,0x000000011f31f000] byte_map_base: 0x000000011b51e000

Marking Bits: (ParMarkBitMap*) 0x000000010f65fe20
 Begin Bits: [0x000000011f475000, 0x0000000120475000)
 End Bits:   [0x0000000120475000, 0x0000000121475000)

Polling page: 0x000000010fd4b000

CodeCache: size=245760Kb used=3123Kb max_used=3130Kb free=242637Kb
 bounds [0x000000010fd5e000, 0x000000011007e000, 0x000000011ed5e000]
 total_blobs=834 nmethods=442 adapters=308
 compilation: enabled

Compilation events (10 events):
Event: 2,027 Thread 0x00007fb73184e800  419       4       java.util.StringTokenizer::<init> (52 bytes)
Event: 2,034 Thread 0x00007fb73184e800 nmethod 419 0x000000011006a510 code [0x000000011006a680, 0x000000011006a918]
Event: 2,121 Thread 0x00007fb731057800  448       3       java.lang.String::lastIndexOf (11 bytes)
Event: 2,121 Thread 0x00007fb731057800 nmethod 448 0x0000000110069f90 code [0x000000011006a100, 0x000000011006a3a8]
Event: 2,121 Thread 0x00007fb731057800  449       3       java.lang.String::lastIndexOf (25 bytes)
Event: 2,121 Thread 0x00007fb731057800 nmethod 449 0x0000000110069b50 code [0x0000000110069cc0, 0x0000000110069e88]
Event: 2,121 Thread 0x00007fb731057800  450       1       java.net.URL::getQuery (5 bytes)
Event: 2,121 Thread 0x00007fb731057800 nmethod 450 0x0000000110068ed0 code [0x0000000110069020, 0x0000000110069130]
Event: 2,852 Thread 0x00007fb731057800  451       3       java.util.zip.ZipFile::ensureOpen (37 bytes)
Event: 2,852 Thread 0x00007fb731057800 nmethod 451 0x00000001100695d0 code [0x0000000110069760, 0x0000000110069a38]

GC Heap History (6 events):
Event: 1,153 GC heap before
{Heap before GC invocations=1 (full 0):
 PSYoungGen      total 18944K, used 16384K [0x00000007aab00000, 0x00000007ac000000, 0x00000007c0000000)
  eden space 16384K, 100% used [0x00000007aab00000,0x00000007abb00000,0x00000007abb00000)
  from space 2560K, 0% used [0x00000007abd80000,0x00000007abd80000,0x00000007ac000000)
  to   space 2560K, 0% used [0x00000007abb00000,0x00000007abb00000,0x00000007abd80000)
 ParOldGen       total 44032K, used 0K [0x0000000780000000, 0x0000000782b00000, 0x00000007aab00000)
  object space 44032K, 0% used [0x0000000780000000,0x0000000780000000,0x0000000782b00000)
 Metaspace       used 5114K, capacity 5290K, committed 5504K, reserved 1056768K
  class space    used 574K, capacity 635K, committed 640K, reserved 1048576K
Event: 1,158 GC heap after
Heap after GC invocations=1 (full 0):
 PSYoungGen      total 18944K, used 1566K [0x00000007aab00000, 0x00000007ac000000, 0x00000007c0000000)
  eden space 16384K, 0% used [0x00000007aab00000,0x00000007aab00000,0x00000007abb00000)
  from space 2560K, 61% used [0x00000007abb00000,0x00000007abc87b98,0x00000007abd80000)
  to   space 2560K, 0% used [0x00000007abd80000,0x00000007abd80000,0x00000007ac000000)
 ParOldGen       total 44032K, used 8K [0x0000000780000000, 0x0000000782b00000, 0x00000007aab00000)
  object space 44032K, 0% used [0x0000000780000000,0x0000000780002000,0x0000000782b00000)
 Metaspace       used 5114K, capacity 5290K, committed 5504K, reserved 1056768K
  class space    used 574K, capacity 635K, committed 640K, reserved 1048576K
}
Event: 1,265 GC heap before
{Heap before GC invocations=2 (full 0):
 PSYoungGen      total 18944K, used 17950K [0x00000007aab00000, 0x00000007ac000000, 0x00000007c0000000)
  eden space 16384K, 100% used [0x00000007aab00000,0x00000007abb00000,0x00000007abb00000)
  from space 2560K, 61% used [0x00000007abb00000,0x00000007abc87b98,0x00000007abd80000)
  to   space 2560K, 0% used [0x00000007abd80000,0x00000007abd80000,0x00000007ac000000)
 ParOldGen       total 44032K, used 8K [0x0000000780000000, 0x0000000782b00000, 0x00000007aab00000)
  object space 44032K, 0% used [0x0000000780000000,0x0000000780002000,0x0000000782b00000)
 Metaspace       used 5160K, capacity 5354K, committed 5504K, reserved 1056768K
  class space    used 574K, capacity 635K, committed 640K, reserved 1048576K
Event: 1,268 GC heap after
Heap after GC invocations=2 (full 0):
 PSYoungGen      total 18944K, used 1434K [0x00000007aab00000, 0x00000007ad000000, 0x00000007c0000000)
  eden space 16384K, 0% used [0x00000007aab00000,0x00000007aab00000,0x00000007abb00000)
  from space 2560K, 56% used [0x00000007abd80000,0x00000007abee6820,0x00000007ac000000)
  to   space 2560K, 0% used [0x00000007abb00000,0x00000007abb00000,0x00000007abd80000)
 ParOldGen       total 44032K, used 16K [0x0000000780000000, 0x0000000782b00000, 0x00000007aab00000)
  object space 44032K, 0% used [0x0000000780000000,0x0000000780004000,0x0000000782b00000)
 Metaspace       used 5160K, capacity 5354K, committed 5504K, reserved 1056768K
  class space    used 574K, capacity 635K, committed 640K, reserved 1048576K
}
Event: 1,700 GC heap before
{Heap before GC invocations=3 (full 0):
 PSYoungGen      total 18944K, used 17818K [0x00000007aab00000, 0x00000007ad000000, 0x00000007c0000000)
  eden space 16384K, 100% used [0x00000007aab00000,0x00000007abb00000,0x00000007abb00000)
  from space 2560K, 56% used [0x00000007abd80000,0x00000007abee6820,0x00000007ac000000)
  to   space 2560K, 0% used [0x00000007abb00000,0x00000007abb00000,0x00000007abd80000)
 ParOldGen       total 44032K, used 16K [0x0000000780000000, 0x0000000782b00000, 0x00000007aab00000)
  object space 44032K, 0% used [0x0000000780000000,0x0000000780004000,0x0000000782b00000)
 Metaspace       used 5926K, capacity 6126K, committed 6400K, reserved 1056768K
  class space    used 657K, capacity 701K, committed 768K, reserved 1048576K
Event: 1,703 GC heap after
Heap after GC invocations=3 (full 0):
 PSYoungGen      total 18944K, used 1010K [0x00000007aab00000, 0x00000007ad000000, 0x00000007c0000000)
  eden space 16384K, 0% used [0x00000007aab00000,0x00000007aab00000,0x00000007abb00000)
  from space 2560K, 39% used [0x00000007abb00000,0x00000007abbfca30,0x00000007abd80000)
  to   space 2560K, 0% used [0x00000007acd80000,0x00000007acd80000,0x00000007ad000000)
 ParOldGen       total 44032K, used 24K [0x0000000780000000, 0x0000000782b00000, 0x00000007aab00000)
  object space 44032K, 0% used [0x0000000780000000,0x0000000780006000,0x0000000782b00000)
 Metaspace       used 5926K, capacity 6126K, committed 6400K, reserved 1056768K
  class space    used 657K, capacity 701K, committed 768K, reserved 1048576K
}

Deoptimization events (4 events):
Event: 1,165 Thread 0x00007fb731801000 Uncommon trap: reason=class_check action=maybe_recompile pc=0x000000010fefbbd8 method=java.util.regex.Pattern$CharProperty.match(Ljava/util/regex/Matcher;ILjava/lang/CharSequence;)Z @ 37
Event: 1,188 Thread 0x00007fb731801000 Uncommon trap: reason=class_check action=maybe_recompile pc=0x000000010fefbbd8 method=java.util.regex.Pattern$CharProperty.match(Ljava/util/regex/Matcher;ILjava/lang/CharSequence;)Z @ 37
Event: 1,219 Thread 0x00007fb731801000 Uncommon trap: reason=class_check action=maybe_recompile pc=0x000000010fefbbd8 method=java.util.regex.Pattern$CharProperty.match(Ljava/util/regex/Matcher;ILjava/lang/CharSequence;)Z @ 37
Event: 1,235 Thread 0x00007fb731801000 Uncommon trap: reason=class_check action=maybe_recompile pc=0x000000010fefbbd8 method=java.util.regex.Pattern$CharProperty.match(Ljava/util/regex/Matcher;ILjava/lang/CharSequence;)Z @ 37

Internal exceptions (10 events):
Event: 0,277 Thread 0x00007fb731801000 Exception <a 'java/security/PrivilegedActionException'> (0x00000007aac62870) thrown at [/HUDSON3/workspace/8-2-build-macosx-x86_64/jdk8u66/4988/hotspot/src/share/vm/prims/jvm.cpp, line 1386]
Event: 0,277 Thread 0x00007fb731801000 Exception <a 'java/security/PrivilegedActionException'> (0x00000007aac62a80) thrown at [/HUDSON3/workspace/8-2-build-macosx-x86_64/jdk8u66/4988/hotspot/src/share/vm/prims/jvm.cpp, line 1386]
Event: 0,492 Thread 0x00007fb731801000 Exception <a 'java/lang/NoSuchFieldError': method resolution failed> (0x00000007aad82c90) thrown at [/HUDSON3/workspace/8-2-build-macosx-x86_64/jdk8u66/4988/hotspot/src/share/vm/prims/methodHandles.cpp, line 1146]
Event: 0,495 Thread 0x00007fb731801000 Exception <a 'java/lang/NoSuchFieldError': method resolution failed> (0x00000007aad90460) thrown at [/HUDSON3/workspace/8-2-build-macosx-x86_64/jdk8u66/4988/hotspot/src/share/vm/prims/methodHandles.cpp, line 1146]
Event: 0,958 Thread 0x00007fb731801000 Exception <a 'java/security/PrivilegedActionException'> (0x00000007aae24e68) thrown at [/HUDSON3/workspace/8-2-build-macosx-x86_64/jdk8u66/4988/hotspot/src/share/vm/prims/jvm.cpp, line 1386]
Event: 0,958 Thread 0x00007fb731801000 Exception <a 'java/security/PrivilegedActionException'> (0x00000007aae25078) thrown at [/HUDSON3/workspace/8-2-build-macosx-x86_64/jdk8u66/4988/hotspot/src/share/vm/prims/jvm.cpp, line 1386]
Event: 0,958 Thread 0x00007fb731801000 Exception <a 'java/security/PrivilegedActionException'> (0x00000007aae28500) thrown at [/HUDSON3/workspace/8-2-build-macosx-x86_64/jdk8u66/4988/hotspot/src/share/vm/prims/jvm.cpp, line 1386]
Event: 0,958 Thread 0x00007fb731801000 Exception <a 'java/security/PrivilegedActionException'> (0x00000007aae28710) thrown at [/HUDSON3/workspace/8-2-build-macosx-x86_64/jdk8u66/4988/hotspot/src/share/vm/prims/jvm.cpp, line 1386]
Event: 0,961 Thread 0x00007fb731801000 Exception <a 'java/io/FileNotFoundException'> (0x00000007aae2c710) thrown at [/HUDSON3/workspace/8-2-build-macosx-x86_64/jdk8u66/4988/hotspot/src/share/vm/prims/jni.cpp, line 709]
Event: 0,961 Thread 0x00007fb731801000 Exception <a 'java/io/FileNotFoundException'> (0x00000007aae2d298) thrown at [/HUDSON3/workspace/8-2-build-macosx-x86_64/jdk8u66/4988/hotspot/src/share/vm/prims/jni.cpp, line 709]

Events (10 events):
Event: 1,959 loading class org/opencv/objdetect/CascadeClassifier
Event: 1,959 loading class org/opencv/objdetect/CascadeClassifier done
Event: 1,960 loading class org/opencv/core/MatOfRect
Event: 1,960 loading class org/opencv/core/MatOfRect done
Event: 2,117 loading class org/opencv/core/Rect
Event: 2,117 loading class org/opencv/core/Rect done
Event: 2,119 loading class com/Support
Event: 2,119 loading class com/Support done
Event: 2,852 loading class org/opencv/core/Point
Event: 2,852 loading class org/opencv/core/Point done


Dynamic libraries:
0x000000000464a000 	/System/Library/Frameworks/Cocoa.framework/Versions/A/Cocoa
0x000000000464a000 	/System/Library/Frameworks/Security.framework/Versions/A/Security
0x000000000464a000 	/System/Library/Frameworks/ApplicationServices.framework/Versions/A/ApplicationServices
0x000000000464a000 	/usr/lib/libz.1.dylib
0x000000000464a000 	/usr/lib/libSystem.B.dylib
0x000000000464a000 	/usr/lib/libobjc.A.dylib
0x000000000464a000 	/System/Library/Frameworks/CoreFoundation.framework/Versions/A/CoreFoundation
0x000000000464a000 	/System/Library/Frameworks/Foundation.framework/Versions/C/Foundation
0x000000000464a000 	/System/Library/Frameworks/AppKit.framework/Versions/C/AppKit
0x000000000464a000 	/System/Library/Frameworks/CoreData.framework/Versions/A/CoreData
0x000000000464a000 	/System/Library/PrivateFrameworks/RemoteViewServices.framework/Versions/A/RemoteViewServices
0x000000000464a000 	/System/Library/PrivateFrameworks/UIFoundation.framework/Versions/A/UIFoundation
0x000000000464a000 	/usr/lib/libScreenReader.dylib
0x000000000464a000 	/System/Library/Frameworks/Accelerate.framework/Versions/A/Accelerate
0x000000000464a000 	/System/Library/Frameworks/IOSurface.framework/Versions/A/IOSurface
0x000000000464a000 	/System/Library/Frameworks/AudioToolbox.framework/Versions/A/AudioToolbox
0x000000000464a000 	/System/Library/Frameworks/AudioUnit.framework/Versions/A/AudioUnit
0x000000000464a000 	/System/Library/PrivateFrameworks/DataDetectorsCore.framework/Versions/A/DataDetectorsCore
0x000000000464a000 	/System/Library/PrivateFrameworks/DesktopServicesPriv.framework/Versions/A/DesktopServicesPriv
0x000000000464a000 	/System/Library/Frameworks/Carbon.framework/Versions/A/Frameworks/HIToolbox.framework/Versions/A/HIToolbox
0x000000000464a000 	/System/Library/Frameworks/QuartzCore.framework/Versions/A/QuartzCore
0x000000000464a000 	/System/Library/Frameworks/Carbon.framework/Versions/A/Frameworks/SpeechRecognition.framework/Versions/A/SpeechRecognition
0x000000000464a000 	/usr/lib/libauto.dylib
0x000000000464a000 	/usr/lib/libicucore.A.dylib
0x000000000464a000 	/usr/lib/libxml2.2.dylib
0x000000000464a000 	/System/Library/PrivateFrameworks/CoreUI.framework/Versions/A/CoreUI
0x000000000464a000 	/System/Library/Frameworks/CoreAudio.framework/Versions/A/CoreAudio
0x000000000464a000 	/System/Library/Frameworks/DiskArbitration.framework/Versions/A/DiskArbitration
0x000000000464a000 	/usr/lib/liblangid.dylib
0x000000000464a000 	/System/Library/PrivateFrameworks/MultitouchSupport.framework/Versions/A/MultitouchSupport
0x000000000464a000 	/System/Library/Frameworks/IOKit.framework/Versions/A/IOKit
0x000000000464a000 	/usr/lib/libDiagnosticMessagesClient.dylib
0x000000000464a000 	/System/Library/Frameworks/CoreServices.framework/Versions/A/CoreServices
0x000000000464a000 	/System/Library/PrivateFrameworks/PerformanceAnalysis.framework/Versions/A/PerformanceAnalysis
0x000000000464a000 	/System/Library/PrivateFrameworks/GenerationalStorage.framework/Versions/A/GenerationalStorage
0x000000000464a000 	/System/Library/Frameworks/OpenGL.framework/Versions/A/OpenGL
0x000000000464a000 	/System/Library/PrivateFrameworks/Sharing.framework/Versions/A/Sharing
0x000000000464a000 	/System/Library/Frameworks/CoreGraphics.framework/Versions/A/CoreGraphics
0x000000000464a000 	/System/Library/Frameworks/CoreImage.framework/Versions/A/CoreImage
0x000000000464a000 	/System/Library/Frameworks/CoreText.framework/Versions/A/CoreText
0x000000000464a000 	/System/Library/Frameworks/ImageIO.framework/Versions/A/ImageIO
0x000000000464a000 	/System/Library/PrivateFrameworks/Backup.framework/Versions/A/Backup
0x000000000464a000 	/usr/lib/libextension.dylib
0x000000000464a000 	/usr/lib/libarchive.2.dylib
0x000000000464a000 	/System/Library/Frameworks/CFNetwork.framework/Versions/A/CFNetwork
0x000000000464a000 	/System/Library/Frameworks/SystemConfiguration.framework/Versions/A/SystemConfiguration
0x000000000464a000 	/usr/lib/libCRFSuite.dylib
0x000000000464a000 	/usr/lib/libc++.1.dylib
0x000000000464a000 	/usr/lib/libc++abi.dylib
0x000000000464a000 	/usr/lib/system/libcache.dylib
0x000000000464a000 	/usr/lib/system/libcommonCrypto.dylib
0x000000000464a000 	/usr/lib/system/libcompiler_rt.dylib
0x000000000464a000 	/usr/lib/system/libcopyfile.dylib
0x000000000464a000 	/usr/lib/system/libcorecrypto.dylib
0x000000000464a000 	/usr/lib/system/libdispatch.dylib
0x000000000464a000 	/usr/lib/system/libdyld.dylib
0x000000000464a000 	/usr/lib/system/libkeymgr.dylib
0x000000000464a000 	/usr/lib/system/liblaunch.dylib
0x000000000464a000 	/usr/lib/system/libmacho.dylib
0x000000000464a000 	/usr/lib/system/libquarantine.dylib
0x000000000464a000 	/usr/lib/system/libremovefile.dylib
0x000000000464a000 	/usr/lib/system/libsystem_asl.dylib
0x000000000464a000 	/usr/lib/system/libsystem_blocks.dylib
0x000000000464a000 	/usr/lib/system/libsystem_c.dylib
0x000000000464a000 	/usr/lib/system/libsystem_configuration.dylib
0x000000000464a000 	/usr/lib/system/libsystem_coreservices.dylib
0x000000000464a000 	/usr/lib/system/libsystem_coretls.dylib
0x000000000464a000 	/usr/lib/system/libsystem_dnssd.dylib
0x000000000464a000 	/usr/lib/system/libsystem_info.dylib
0x000000000464a000 	/usr/lib/system/libsystem_kernel.dylib
0x000000000464a000 	/usr/lib/system/libsystem_m.dylib
0x000000000464a000 	/usr/lib/system/libsystem_malloc.dylib
0x000000000464a000 	/usr/lib/system/libsystem_network.dylib
0x000000000464a000 	/usr/lib/system/libsystem_networkextension.dylib
0x000000000464a000 	/usr/lib/system/libsystem_notify.dylib
0x000000000464a000 	/usr/lib/system/libsystem_platform.dylib
0x000000000464a000 	/usr/lib/system/libsystem_pthread.dylib
0x000000000464a000 	/usr/lib/system/libsystem_sandbox.dylib
0x000000000464a000 	/usr/lib/system/libsystem_secinit.dylib
0x000000000464a000 	/usr/lib/system/libsystem_trace.dylib
0x000000000464a000 	/usr/lib/system/libunc.dylib
0x000000000464a000 	/usr/lib/system/libunwind.dylib
0x000000000464a000 	/usr/lib/system/libxpc.dylib
0x000000000464a000 	/usr/lib/libenergytrace.dylib
0x000000000464a000 	/usr/lib/libbsm.0.dylib
0x000000000464a000 	/usr/lib/system/libkxld.dylib
0x000000000464a000 	/usr/lib/libxar.1.dylib
0x000000000464a000 	/usr/lib/libsqlite3.dylib
0x000000000464a000 	/usr/lib/libpam.2.dylib
0x000000000464a000 	/usr/lib/libOpenScriptingUtil.dylib
0x000000000464a000 	/usr/lib/libbz2.1.0.dylib
0x000000000464a000 	/usr/lib/liblzma.5.dylib
0x000000000464a000 	/System/Library/Frameworks/CoreServices.framework/Versions/A/Frameworks/FSEvents.framework/Versions/A/FSEvents
0x000000000464a000 	/System/Library/Frameworks/CoreServices.framework/Versions/A/Frameworks/CarbonCore.framework/Versions/A/CarbonCore
0x000000000464a000 	/System/Library/Frameworks/CoreServices.framework/Versions/A/Frameworks/Metadata.framework/Versions/A/Metadata
0x000000000464a000 	/System/Library/Frameworks/CoreServices.framework/Versions/A/Frameworks/OSServices.framework/Versions/A/OSServices
0x000000000464a000 	/System/Library/Frameworks/CoreServices.framework/Versions/A/Frameworks/SearchKit.framework/Versions/A/SearchKit
0x000000000464a000 	/System/Library/Frameworks/CoreServices.framework/Versions/A/Frameworks/AE.framework/Versions/A/AE
0x000000000464a000 	/System/Library/Frameworks/CoreServices.framework/Versions/A/Frameworks/LaunchServices.framework/Versions/A/LaunchServices
0x000000000464a000 	/System/Library/Frameworks/CoreServices.framework/Versions/A/Frameworks/DictionaryServices.framework/Versions/A/DictionaryServices
0x000000000464a000 	/System/Library/Frameworks/CoreServices.framework/Versions/A/Frameworks/SharedFileList.framework/Versions/A/SharedFileList
0x000000000464a000 	/System/Library/Frameworks/NetFS.framework/Versions/A/NetFS
0x000000000464a000 	/System/Library/PrivateFrameworks/NetAuth.framework/Versions/A/NetAuth
0x000000000464a000 	/System/Library/PrivateFrameworks/login.framework/Versions/A/Frameworks/loginsupport.framework/Versions/A/loginsupport
0x000000000464a000 	/System/Library/PrivateFrameworks/TCC.framework/Versions/A/TCC
0x000000000464a000 	/usr/lib/libmecabra.dylib
0x000000000464a000 	/System/Library/Frameworks/ApplicationServices.framework/Versions/A/Frameworks/ATS.framework/Versions/A/ATS
0x000000000464a000 	/System/Library/Frameworks/ApplicationServices.framework/Versions/A/Frameworks/ColorSync.framework/Versions/A/ColorSync
0x000000000464a000 	/System/Library/Frameworks/ApplicationServices.framework/Versions/A/Frameworks/HIServices.framework/Versions/A/HIServices
0x000000000464a000 	/System/Library/Frameworks/ApplicationServices.framework/Versions/A/Frameworks/LangAnalysis.framework/Versions/A/LangAnalysis
0x000000000464a000 	/System/Library/Frameworks/ApplicationServices.framework/Versions/A/Frameworks/PrintCore.framework/Versions/A/PrintCore
0x000000000464a000 	/System/Library/Frameworks/ApplicationServices.framework/Versions/A/Frameworks/QD.framework/Versions/A/QD
0x000000000464a000 	/System/Library/Frameworks/ApplicationServices.framework/Versions/A/Frameworks/SpeechSynthesis.framework/Versions/A/SpeechSynthesis
0x000000000464a000 	/System/Library/Frameworks/Metal.framework/Versions/A/Metal
0x000000000464a000 	/System/Library/Frameworks/Accelerate.framework/Versions/A/Frameworks/vImage.framework/Versions/A/vImage
0x000000000464a000 	/System/Library/Frameworks/Accelerate.framework/Versions/A/Frameworks/vecLib.framework/Versions/A/vecLib
0x000000000464a000 	/System/Library/Frameworks/Accelerate.framework/Versions/A/Frameworks/vecLib.framework/Versions/A/libvDSP.dylib
0x000000000464a000 	/System/Library/Frameworks/Accelerate.framework/Versions/A/Frameworks/vecLib.framework/Versions/A/libvMisc.dylib
0x000000000464a000 	/System/Library/Frameworks/Accelerate.framework/Versions/A/Frameworks/vecLib.framework/Versions/A/libLAPACK.dylib
0x000000000464a000 	/System/Library/Frameworks/Accelerate.framework/Versions/A/Frameworks/vecLib.framework/Versions/A/libBLAS.dylib
0x000000000464a000 	/System/Library/Frameworks/Accelerate.framework/Versions/A/Frameworks/vecLib.framework/Versions/A/libLinearAlgebra.dylib
0x000000000464a000 	/System/Library/Frameworks/Accelerate.framework/Versions/A/Frameworks/vecLib.framework/Versions/A/libSparseBLAS.dylib
0x000000000464a000 	/System/Library/PrivateFrameworks/GPUCompiler.framework/libmetal_timestamp.dylib
0x000000000464a000 	/System/Library/Frameworks/OpenGL.framework/Versions/A/Libraries/libCoreFSCache.dylib
0x000000000464a000 	/System/Library/PrivateFrameworks/IOAccelerator.framework/Versions/A/IOAccelerator
0x000000000464a000 	/System/Library/Frameworks/ApplicationServices.framework/Versions/A/Frameworks/ATS.framework/Versions/A/Resources/libFontParser.dylib
0x000000000464a000 	/System/Library/Frameworks/ApplicationServices.framework/Versions/A/Frameworks/ATS.framework/Versions/A/Resources/libFontRegistry.dylib
0x000000000464a000 	/System/Library/PrivateFrameworks/AppleVPA.framework/Versions/A/AppleVPA
0x000000000464a000 	/System/Library/PrivateFrameworks/AppleJPEG.framework/Versions/A/AppleJPEG
0x000000000464a000 	/System/Library/Frameworks/ImageIO.framework/Versions/A/Resources/libJPEG.dylib
0x000000000464a000 	/System/Library/Frameworks/ImageIO.framework/Versions/A/Resources/libTIFF.dylib
0x000000000464a000 	/System/Library/Frameworks/ImageIO.framework/Versions/A/Resources/libPng.dylib
0x000000000464a000 	/System/Library/Frameworks/ImageIO.framework/Versions/A/Resources/libGIF.dylib
0x000000000464a000 	/System/Library/Frameworks/ImageIO.framework/Versions/A/Resources/libJP2.dylib
0x000000000464a000 	/System/Library/Frameworks/ImageIO.framework/Versions/A/Resources/libRadiance.dylib
0x000000000464a000 	/System/Library/Frameworks/CoreVideo.framework/Versions/A/CoreVideo
0x000000000464a000 	/System/Library/Frameworks/OpenGL.framework/Versions/A/Libraries/libGLU.dylib
0x000000000464a000 	/System/Library/Frameworks/OpenGL.framework/Versions/A/Libraries/libGFXShared.dylib
0x000000000464a000 	/System/Library/Frameworks/OpenGL.framework/Versions/A/Libraries/libGL.dylib
0x000000000464a000 	/System/Library/Frameworks/OpenGL.framework/Versions/A/Libraries/libGLImage.dylib
0x000000000464a000 	/System/Library/Frameworks/OpenGL.framework/Versions/A/Libraries/libCVMSPluginSupport.dylib
0x000000000464a000 	/System/Library/Frameworks/OpenGL.framework/Versions/A/Libraries/libCoreVMClient.dylib
0x000000000464a000 	/usr/lib/libcompression.dylib
0x000000000464a000 	/usr/lib/libcups.2.dylib
0x000000000464a000 	/System/Library/Frameworks/Kerberos.framework/Versions/A/Kerberos
0x000000000464a000 	/System/Library/Frameworks/GSS.framework/Versions/A/GSS
0x000000000464a000 	/usr/lib/libresolv.9.dylib
0x000000000464a000 	/usr/lib/libiconv.2.dylib
0x000000000464a000 	/System/Library/PrivateFrameworks/Heimdal.framework/Versions/A/Heimdal
0x000000000464a000 	/usr/lib/libheimdal-asn1.dylib
0x000000000464a000 	/System/Library/Frameworks/OpenDirectory.framework/Versions/A/OpenDirectory
0x000000000464a000 	/System/Library/PrivateFrameworks/CommonAuth.framework/Versions/A/CommonAuth
0x000000000464a000 	/System/Library/Frameworks/OpenDirectory.framework/Versions/A/Frameworks/CFOpenDirectory.framework/Versions/A/CFOpenDirectory
0x000000000464a000 	/System/Library/Frameworks/SecurityFoundation.framework/Versions/A/SecurityFoundation
0x000000000464a000 	/System/Library/PrivateFrameworks/LanguageModeling.framework/Versions/A/LanguageModeling
0x000000000464a000 	/usr/lib/libmarisa.dylib
0x000000000464a000 	/usr/lib/libChineseTokenizer.dylib
0x000000000464a000 	/usr/lib/libcmph.dylib
0x000000000464a000 	/System/Library/Frameworks/ServiceManagement.framework/Versions/A/ServiceManagement
0x000000000464a000 	/usr/lib/libxslt.1.dylib
0x000000000464a000 	/System/Library/Frameworks/Carbon.framework/Versions/A/Frameworks/Ink.framework/Versions/A/Ink
0x000000000464a000 	/usr/lib/libFosl_dynamic.dylib
0x000000000464a000 	/System/Library/PrivateFrameworks/FaceCore.framework/Versions/A/FaceCore
0x000000000464a000 	/System/Library/Frameworks/OpenCL.framework/Versions/A/OpenCL
0x000000000464a000 	/System/Library/PrivateFrameworks/CrashReporterSupport.framework/Versions/A/CrashReporterSupport
0x000000000464a000 	/System/Library/PrivateFrameworks/IconServices.framework/Versions/A/IconServices
0x000000000464a000 	/System/Library/PrivateFrameworks/Apple80211.framework/Versions/A/Apple80211
0x000000000464a000 	/System/Library/Frameworks/CoreWLAN.framework/Versions/A/CoreWLAN
0x000000000464a000 	/System/Library/Frameworks/IOBluetooth.framework/Versions/A/IOBluetooth
0x000000000464a000 	/System/Library/PrivateFrameworks/CoreWiFi.framework/Versions/A/CoreWiFi
0x000000000464a000 	/System/Library/Frameworks/CoreBluetooth.framework/Versions/A/CoreBluetooth
0x000000000464a000 	/System/Library/PrivateFrameworks/ChunkingLibrary.framework/Versions/A/ChunkingLibrary
0x000000000464a000 	/System/Library/PrivateFrameworks/DebugSymbols.framework/Versions/A/DebugSymbols
0x000000000464a000 	/System/Library/PrivateFrameworks/CoreSymbolication.framework/Versions/A/CoreSymbolication
0x000000000464a000 	/System/Library/PrivateFrameworks/Symbolication.framework/Versions/A/Symbolication
0x000000000464a000 	/System/Library/PrivateFrameworks/SpeechRecognitionCore.framework/Versions/A/SpeechRecognitionCore
0x000000010ed82000 	/Library/Java/JavaVirtualMachines/jdk1.8.0_66.jdk/Contents/Home/jre/lib/server/libjvm.dylib
0x000000000464a000 	/usr/lib/libstdc++.6.dylib
0x000000010fd08000 	/Library/Java/JavaVirtualMachines/jdk1.8.0_66.jdk/Contents/Home/jre/lib/libverify.dylib
0x000000010fd16000 	/Library/Java/JavaVirtualMachines/jdk1.8.0_66.jdk/Contents/Home/jre/lib/libjava.dylib
0x000000010fd55000 	/Library/Java/JavaVirtualMachines/jdk1.8.0_66.jdk/Contents/Home/jre/lib/libzip.dylib
0x0000000122f04000 	/System/Library/Frameworks/JavaVM.framework/Frameworks/JavaRuntimeSupport.framework/JavaRuntimeSupport
0x0000000122f1f000 	/System/Library/Frameworks/JavaVM.framework/Versions/A/Frameworks/JavaNativeFoundation.framework/Versions/A/JavaNativeFoundation
0x0000000121fef000 	/System/Library/Frameworks/JavaVM.framework/Versions/A/JavaVM
0x000000000464a000 	/System/Library/Frameworks/Carbon.framework/Versions/A/Carbon
0x0000000122f34000 	/System/Library/PrivateFrameworks/JavaLaunching.framework/Versions/A/JavaLaunching
0x000000000464a000 	/System/Library/Frameworks/Carbon.framework/Versions/A/Frameworks/CommonPanels.framework/Versions/A/CommonPanels
0x000000000464a000 	/System/Library/Frameworks/Carbon.framework/Versions/A/Frameworks/Help.framework/Versions/A/Help
0x000000000464a000 	/System/Library/Frameworks/Carbon.framework/Versions/A/Frameworks/ImageCapture.framework/Versions/A/ImageCapture
0x000000000464a000 	/System/Library/Frameworks/Carbon.framework/Versions/A/Frameworks/OpenScripting.framework/Versions/A/OpenScripting
0x000000000464a000 	/System/Library/Frameworks/Carbon.framework/Versions/A/Frameworks/Print.framework/Versions/A/Print
0x000000000464a000 	/System/Library/Frameworks/Carbon.framework/Versions/A/Frameworks/SecurityHI.framework/Versions/A/SecurityHI
0x0000000124895000 	/Applications/opencv-3.2.0/build/bin/libopencv_java320.dylib
0x000000000464a000 	/System/Library/Frameworks/AVFoundation.framework/Versions/A/AVFoundation
0x000000000464a000 	/System/Library/Frameworks/CoreMedia.framework/Versions/A/CoreMedia
0x000000000464a000 	/System/Library/Frameworks/AVFoundation.framework/Versions/A/Resources/libAVFAudio.dylib
0x000000000464a000 	/System/Library/Frameworks/MediaToolbox.framework/Versions/A/MediaToolbox
0x000000000464a000 	/System/Library/Frameworks/VideoToolbox.framework/Versions/A/VideoToolbox
0x000000000464a000 	/System/Library/Frameworks/CoreMediaIO.framework/Versions/A/CoreMediaIO
0x000000000464a000 	/usr/lib/libspindump.dylib
0x000000000464a000 	/System/Library/PrivateFrameworks/CoreAVCHD.framework/Versions/A/CoreAVCHD
0x000000000464a000 	/System/Library/Frameworks/MediaAccessibility.framework/Versions/A/MediaAccessibility
0x000000000464a000 	/System/Library/PrivateFrameworks/Mangrove.framework/Versions/A/Mangrove
0x000000000464a000 	/System/Library/PrivateFrameworks/CoreAUC.framework/Versions/A/CoreAUC
0x000000000464a000 	/System/Library/PrivateFrameworks/AppleVA.framework/Versions/A/AppleVA
0x000000000464a000 	/System/Library/PrivateFrameworks/XPCService.framework/Versions/A/XPCService
0x000000000464a000 	/System/Library/PrivateFrameworks/AppSandbox.framework/Versions/A/AppSandbox
0x000000000464a000 	/usr/lib/libsandbox.1.dylib
0x000000000464a000 	/System/Library/PrivateFrameworks/AppContainer.framework/Versions/A/AppContainer
0x000000000464a000 	/System/Library/PrivateFrameworks/SecCodeWrapper.framework/Versions/A/SecCodeWrapper
0x000000000464a000 	/usr/lib/libMatch.1.dylib
0x00000001268fc000 	/Library/Java/JavaVirtualMachines/jdk1.8.0_66.jdk/Contents/Home/jre/lib/libawt.dylib
0x00000001269a4000 	/Library/Java/JavaVirtualMachines/jdk1.8.0_66.jdk/Contents/Home/jre/lib/./libmlib_image.dylib
0x0000000126a70000 	/Library/Java/JavaVirtualMachines/jdk1.8.0_66.jdk/Contents/Home/jre/lib/libawt_lwawt.dylib
0x0000000126b25000 	/Library/Java/JavaVirtualMachines/jdk1.8.0_66.jdk/Contents/Home/jre/lib/./libosxapp.dylib
0x000000000464a000 	/System/Library/Frameworks/ExceptionHandling.framework/Versions/A/ExceptionHandling
0x000000000464a000 	/System/Library/PrivateFrameworks/CoreServicesInternal.framework/Versions/A/CoreServicesInternal
0x000000000464a000 	/System/Library/Frameworks/CoreGraphics.framework/Versions/A/Resources/libRIP.A.dylib
0x000000000464a000 	/System/Library/Frameworks/Accelerate.framework/Versions/A/Frameworks/vImage.framework/Versions/A/Libraries/libCGInterfaces.dylib
0x000000000464a000 	/System/Library/Frameworks/CoreGraphics.framework/Versions/A/Resources/libCGXType.A.dylib
0x000000000464a000 	/System/Library/Frameworks/OpenCL.framework/Versions/A/Libraries/libcldcpuengine.dylib
0x000000000464a000 	/System/Library/PrivateFrameworks/DiskImages.framework/Versions/A/DiskImages
0x000000000464a000 	/System/Library/Frameworks/DiscRecording.framework/Versions/A/DiscRecording
0x000000000464a000 	/usr/lib/libcsfde.dylib
0x000000000464a000 	/usr/lib/libcurl.4.dylib
0x000000000464a000 	/System/Library/PrivateFrameworks/MediaKit.framework/Versions/A/MediaKit
0x000000000464a000 	/System/Library/PrivateFrameworks/ProtectedCloudStorage.framework/Versions/A/ProtectedCloudStorage
0x000000000464a000 	/usr/lib/libCoreStorage.dylib
0x000000000464a000 	/System/Library/PrivateFrameworks/EFILogin.framework/Versions/A/EFILogin
0x000000000464a000 	/usr/lib/libutil.dylib
0x000000000464a000 	/System/Library/PrivateFrameworks/FindMyDevice.framework/Versions/A/FindMyDevice
0x000000000464a000 	/System/Library/Frameworks/LDAP.framework/Versions/A/LDAP
0x000000000464a000 	/usr/lib/libsasl2.2.dylib
0x000000000464a000 	/System/Library/PrivateFrameworks/CoreDaemon.framework/Versions/B/CoreDaemon
0x000000000464a000 	/usr/lib/libcrypto.0.9.8.dylib
0x000000000464a000 	/System/Library/PrivateFrameworks/AppleSRP.framework/Versions/A/AppleSRP
0x000000000464a000 	/System/Library/PrivateFrameworks/TrustEvaluationAgent.framework/Versions/A/TrustEvaluationAgent
0x0000000128277000 	cl_kernels
0x000000000464a000 	/System/Library/Frameworks/OpenCL.framework/Versions/A/Libraries/ImageFormats/unorm8_bgra.dylib
0x000000000464a000 	/System/Library/Frameworks/OpenCL.framework/Versions/A/Libraries/ImageFormats/unorm8_rgba.dylib
0x000000000464a000 	/System/Library/PrivateFrameworks/FamilyControls.framework/Versions/A/FamilyControls
0x000000000464a000 	/System/Library/PrivateFrameworks/CommerceKit.framework/Versions/A/Frameworks/CommerceCore.framework/Versions/A/CommerceCore
0x000000000464a000 	/System/Library/PrivateFrameworks/SystemAdministration.framework/Versions/A/SystemAdministration
0x000000000464a000 	/System/Library/Frameworks/DirectoryService.framework/Versions/A/DirectoryService
0x000000000464a000 	/System/Library/PrivateFrameworks/LoginUIKit.framework/Versions/A/Frameworks/LoginUICore.framework/Versions/A/LoginUICore
0x000000000464a000 	/usr/lib/libodfde.dylib
0x000000012797e000 	/Library/Java/JavaVirtualMachines/jdk1.8.0_66.jdk/Contents/Home/jre/lib/libnet.dylib
0x00000001292d9000 	/Library/Java/JavaVirtualMachines/jdk1.8.0_66.jdk/Contents/Home/jre/lib/libnio.dylib
0x00000001297aa000 	/System/Library/Extensions/GeForceTeslaGLDriver.bundle/Contents/MacOS/GeForceTeslaGLDriver
0x000000012b368000 	/System/Library/Extensions/GeForceTeslaGLDriver.bundle/Contents/MacOS/libclh.dylib
0x000000000464a000 	/System/Library/Frameworks/OpenGL.framework/Versions/A/Libraries/libGLProgrammability.dylib
0x000000000464a000 	/System/Library/PrivateFrameworks/GPUSupport.framework/Versions/A/Libraries/libGPUSupport.dylib
0x000000000464a000 	/System/Library/Frameworks/OpenGL.framework/Versions/A/Resources/GLRendererFloat.bundle/GLRendererFloat

VM Arguments:
jvm_args: -Djava.library.path=/Applications/opencv-3.2.0/build/bin 
java_command: ./bin/Scrambling.jar 352 240 bin/temp/ 9
java_class_path (initial): ./bin/Scrambling.jar
Launcher Type: SUN_STANDARD

Environment Variables:
PATH=/opt/local/bin:/opt/local/sbin:/Library/Frameworks/Python.framework/Versions/3.6/bin:/usr/local/bin:/usr/bin:/opt/local/bin:/bin:/usr/sbin:/sbin:/opt/X11/bin
SHELL=/bin/bash
DISPLAY=/private/tmp/com.apple.launchd.mEnJkc0ocQ/org.macosforge.xquartz:0

Signal Handlers:
SIGSEGV: [libjvm.dylib+0x5a65d5], sa_mask[0]=11111111011111110111111111111111, sa_flags=SA_ONSTACK|SA_RESTART|SA_SIGINFO
SIGBUS: [libjvm.dylib+0x5a65d5], sa_mask[0]=11111111011111110111111111111111, sa_flags=SA_RESTART|SA_SIGINFO
SIGFPE: [libjvm.dylib+0x4802e8], sa_mask[0]=11111111011111110111111111111111, sa_flags=SA_RESTART|SA_SIGINFO
SIGPIPE: [libjvm.dylib+0x4802e8], sa_mask[0]=11111111011111110111111111111111, sa_flags=SA_RESTART|SA_SIGINFO
SIGXFSZ: [libjvm.dylib+0x4802e8], sa_mask[0]=11111111011111110111111111111111, sa_flags=SA_RESTART|SA_SIGINFO
SIGILL: [libjvm.dylib+0x4802e8], sa_mask[0]=11111111011111110111111111111111, sa_flags=SA_RESTART|SA_SIGINFO
SIGUSR1: SIG_DFL, sa_mask[0]=11011111011111100000000111000110, sa_flags=none
SIGUSR2: [libjvm.dylib+0x47fe06], sa_mask[0]=00000000000000000000000000000000, sa_flags=SA_RESTART|SA_SIGINFO
SIGHUP: [libjvm.dylib+0x47e3dd], sa_mask[0]=11111111011111110111111111111111, sa_flags=SA_RESTART|SA_SIGINFO
SIGINT: [libjvm.dylib+0x47e3dd], sa_mask[0]=11111111011111110111111111111111, sa_flags=SA_RESTART|SA_SIGINFO
SIGTERM: [libjvm.dylib+0x47e3dd], sa_mask[0]=11111111011111110111111111111111, sa_flags=SA_RESTART|SA_SIGINFO
SIGQUIT: [libjvm.dylib+0x47e3dd], sa_mask[0]=11111111011111110111111111111111, sa_flags=SA_RESTART|SA_SIGINFO


---------------  S Y S T E M  ---------------

OS:Bsduname:Darwin 15.6.0 Darwin Kernel Version 15.6.0: Mon Oct  2 22:20:08 PDT 2017; root:xnu-3248.71.4~1/RELEASE_X86_64 x86_64
rlimit: STACK 8192k, CORE 0k, NPROC 709, NOFILE 10240, AS infinity
load average:8,01 6,35 5,13

CPU:total 2 (2 cores per cpu, 1 threads per core) family 6 model 23 stepping 10, cmov, cx8, fxsr, mmx, sse, sse2, sse3, ssse3, sse4.1, tsc

Memory: 4k page, physical 4194304k(26672k free)

/proc/meminfo:


vm_info: Java HotSpot(TM) 64-Bit Server VM (25.66-b17) for bsd-amd64 JRE (1.8.0_66-b17), built on Oct  6 2015 16:09:13 by "java_re" with gcc 4.2.1 (Based on Apple Inc. build 5658) (LLVM build 2336.11.00)

time: Sun Aug 26 11:41:38 2018
elapsed time: 2 seconds (0d 0h 0m 2s)

